#
# There is insufficient memory for the Java Runtime Environment to continue.
# Native memory allocation (mmap) failed to map 257949696 bytes for G1 virtual space
# Possible reasons:
#   The system is out of physical RAM or swap space
#   The process is running with CompressedOops enabled, and the Java Heap may be blocking the growth of the native heap
# Possible solutions:
#   Reduce memory load on the system
#   Increase physical memory or swap space
#   Check if swap backing store is full
#   Decrease Java heap size (-Xmx/-Xms)
#   Decrease number of Java threads
#   Decrease Java thread stack sizes (-Xss)
#   Set larger code cache with -XX:ReservedCodeCacheSize=
#   JVM is running with Zero Based Compressed Oops mode in which the Java heap is
#     placed in the first 32GB address space. The Java Heap base address is the
#     maximum limit for the native heap growth. Please use -XX:HeapBaseMinAddress
#     to set the Java Heap base and to place the Java Heap above 32GB virtual address.
# This output file may be truncated or incomplete.
#
#  Out of Memory Error (os_windows.cpp:3550), pid=35956, tid=34632
#
# JRE version:  (17.0.6+9) (build )
# Java VM: Java HotSpot(TM) 64-Bit Server VM (17.0.6+9-LTS-190, mixed mode, sharing, tiered, compressed oops, compressed class ptrs, g1 gc, windows-amd64)
# No core dump will be written. Minidumps are not enabled by default on client versions of Windows
#

---------------  S U M M A R Y ------------

Command Line: -agentlib:jdwp=transport=dt_socket,server=n,suspend=y,address=localhost:54059 -XX:+ShowCodeDetailsInExceptionMessages Main

Host: AMD Ryzen 7 5800H with Radeon Graphics         , 16 cores, 15G,  Windows 11 , 64 bit Build 22621 (10.0.22621.1485)
Time: Thu Apr 20 07:28:53 2023 GMT Daylight Time elapsed time: 0.028816 seconds (0d 0h 0m 0s)

---------------  T H R E A D  ---------------

Current thread (0x000001f87440f840):  JavaThread "Unknown thread" [_thread_in_vm, id=34632, stack(0x000000bd9e500000,0x000000bd9e600000)]

Stack: [0x000000bd9e500000,0x000000bd9e600000]
Native frames: (J=compiled Java code, j=interpreted, Vv=VM code, C=native code)
V  [jvm.dll+0x6734ea]
V  [jvm.dll+0x7d18f4]
V  [jvm.dll+0x7d309e]
V  [jvm.dll+0x7d3703]
V  [jvm.dll+0x2433c5]
V  [jvm.dll+0x6703f9]
V  [jvm.dll+0x664d32]
V  [jvm.dll+0x300086]
V  [jvm.dll+0x307606]
V  [jvm.dll+0x356c1e]
V  [jvm.dll+0x356e4f]
V  [jvm.dll+0x2d72e8]
V  [jvm.dll+0x2d8254]
V  [jvm.dll+0x7a33b1]
V  [jvm.dll+0x3647f1]
V  [jvm.dll+0x782839]
V  [jvm.dll+0x3e757f]
V  [jvm.dll+0x3e9001]
C  [jli.dll+0x5297]
C  [ucrtbase.dll+0x29363]
C  [KERNEL32.DLL+0x1269d]
C  [ntdll.dll+0x5a9f8]


---------------  P R O C E S S  ---------------

Threads class SMR info:
_java_thread_list=0x00007ff8ccd5e958, length=0, elements={
}

Java Threads: ( => current thread )

Other Threads:
  0x000001f87447bae0 GCTaskThread "GC Thread#0" [stack: 0x000000bd9e600000,0x000000bd9e700000] [id=17500]
  0x000001f87448c040 ConcurrentGCThread "G1 Main Marker" [stack: 0x000000bd9e700000,0x000000bd9e800000] [id=37500]
  0x000001f87448dfa0 ConcurrentGCThread "G1 Conc#0" [stack: 0x000000bd9e800000,0x000000bd9e900000] [id=24928]

[error occurred during error reporting (printing all threads), id 0xc0000005, EXCEPTION_ACCESS_VIOLATION (0xc0000005) at pc=0x00007ff8cc597f07]

VM state: not at safepoint (not fully initialized)

VM Mutex/Monitor currently owned by a thread:  ([mutex/lock_event])
[0x000001f87440b2e0] Heap_lock - owner thread: 0x000001f87440f840

Heap address: 0x000000070a400000, size: 3932 MB, Compressed Oops mode: Zero based, Oop shift amount: 3

CDS archive(s) mapped at: [0x0000000000000000-0x0000000000000000-0x0000000000000000), size 0, SharedBaseAddress: 0x0000000800000000, ArchiveRelocationMode: 0.
Narrow klass base: 0x0000000000000000, Narrow klass shift: 0, Narrow klass range: 0x0

GC Precious Log:
<Empty>

Heap:
 garbage-first heap   total 0K, used 0K [0x000000070a400000, 0x0000000800000000)
  region size 2048K, 0 young (0K), 0 survivors (0K)

[error occurred during error reporting (printing heap information), id 0xc0000005, EXCEPTION_ACCESS_VIOLATION (0xc0000005) at pc=0x00007ff8cc97c759]

GC Heap History (0 events):
No events

Deoptimization events (0 events):
No events

Classes unloaded (0 events):
No events

Classes redefined (0 events):
No events

Internal exceptions (0 events):
No events

VM Operations (0 events):
No events

Events (1 events):
Event: 0.016 Loaded shared library C:\Program Files\Java\jdk-17\bin\java.dll


Dynamic libraries:
0x00007ff7612c0000 - 0x00007ff7612d0000 	C:\Program Files\Java\jdk-17\bin\java.exe
0x00007ff9e5c30000 - 0x00007ff9e5e44000 	C:\WINDOWS\SYSTEM32\ntdll.dll
0x00007ff9e4c30000 - 0x00007ff9e4cf2000 	C:\WINDOWS\System32\KERNEL32.DLL
0x00007ff9e3120000 - 0x00007ff9e34bc000 	C:\WINDOWS\System32\KERNELBASE.dll
0x00007ff9e3920000 - 0x00007ff9e3a31000 	C:\WINDOWS\System32\ucrtbase.dll
0x00007ff995ba0000 - 0x00007ff995bbb000 	C:\Program Files\Java\jdk-17\bin\VCRUNTIME140.dll
0x00007ff995c30000 - 0x00007ff995c48000 	C:\Program Files\Java\jdk-17\bin\jli.dll
0x00007ff9e5a90000 - 0x00007ff9e5b3e000 	C:\WINDOWS\System32\ADVAPI32.dll
0x00007ff9e5010000 - 0x00007ff9e50b7000 	C:\WINDOWS\System32\msvcrt.dll
0x00007ff9e4e20000 - 0x00007ff9e4ec4000 	C:\WINDOWS\System32\sechost.dll
0x00007ff9e4b10000 - 0x00007ff9e4c27000 	C:\WINDOWS\System32\RPCRT4.dll
0x00007ff9e47b0000 - 0x00007ff9e495b000 	C:\WINDOWS\System32\USER32.dll
0x00007ff9e30f0000 - 0x00007ff9e3116000 	C:\WINDOWS\System32\win32u.dll
0x00007ff9e56e0000 - 0x00007ff9e5709000 	C:\WINDOWS\System32\GDI32.dll
0x00007ff9d1fe0000 - 0x00007ff9d226e000 	C:\WINDOWS\WinSxS\amd64_microsoft.windows.common-controls_6595b64144ccf1df_6.0.22621.608_none_a9444ca7c10bb01d\COMCTL32.dll
0x00007ff9e3560000 - 0x00007ff9e3673000 	C:\WINDOWS\System32\gdi32full.dll
0x00007ff9e34c0000 - 0x00007ff9e355a000 	C:\WINDOWS\System32\msvcp_win.dll
0x00007ff9dbc60000 - 0x00007ff9dbc6a000 	C:\WINDOWS\SYSTEM32\VERSION.dll
0x00007ff9e4750000 - 0x00007ff9e4781000 	C:\WINDOWS\System32\IMM32.DLL
0x00007ff99b1f0000 - 0x00007ff99b1fc000 	C:\Program Files\Java\jdk-17\bin\vcruntime140_1.dll
0x00007ff988c30000 - 0x00007ff988cbe000 	C:\Program Files\Java\jdk-17\bin\msvcp140.dll
0x00007ff8cc2b0000 - 0x00007ff8cce87000 	C:\Program Files\Java\jdk-17\bin\server\jvm.dll
0x00007ff9e5b40000 - 0x00007ff9e5b48000 	C:\WINDOWS\System32\PSAPI.DLL
0x00007ff9dcb20000 - 0x00007ff9dcb54000 	C:\WINDOWS\SYSTEM32\WINMM.dll
0x00007ff9d04e0000 - 0x00007ff9d04e9000 	C:\WINDOWS\SYSTEM32\WSOCK32.dll
0x00007ff9e5b50000 - 0x00007ff9e5bc1000 	C:\WINDOWS\System32\WS2_32.dll
0x00007ff9e2170000 - 0x00007ff9e2188000 	C:\WINDOWS\SYSTEM32\kernel.appcore.dll
0x00007ff995b90000 - 0x00007ff995b9a000 	C:\Program Files\Java\jdk-17\bin\jimage.dll
0x00007ff9da440000 - 0x00007ff9da66e000 	C:\WINDOWS\SYSTEM32\DBGHELP.DLL
0x00007ff9e5350000 - 0x00007ff9e56d9000 	C:\WINDOWS\System32\combase.dll
0x00007ff9e5710000 - 0x00007ff9e57e7000 	C:\WINDOWS\System32\OLEAUT32.dll
0x00007ff9ca030000 - 0x00007ff9ca062000 	C:\WINDOWS\SYSTEM32\dbgcore.DLL
0x00007ff9e3070000 - 0x00007ff9e30eb000 	C:\WINDOWS\System32\bcryptPrimitives.dll
0x00007ff9d63f0000 - 0x00007ff9d642b000 	C:\Program Files\Java\jdk-17\bin\jdwp.dll
0x00007ff988c00000 - 0x00007ff988c25000 	C:\Program Files\Java\jdk-17\bin\java.dll

dbghelp: loaded successfully - version: 4.0.5 - missing functions: none
symbol engine: initialized successfully - sym options: 0x614 - pdb path: .;C:\Program Files\Java\jdk-17\bin;C:\WINDOWS\SYSTEM32;C:\WINDOWS\WinSxS\amd64_microsoft.windows.common-controls_6595b64144ccf1df_6.0.22621.608_none_a9444ca7c10bb01d;C:\Program Files\Java\jdk-17\bin\server

VM Arguments:
jvm_args: -agentlib:jdwp=transport=dt_socket,server=n,suspend=y,address=localhost:54059 -XX:+ShowCodeDetailsInExceptionMessages 
java_command: Main
java_class_path (initial): C:\Users\Sakan\AppData\Roaming\Code\User\workspaceStorage\088921ce34f1c7702ad27eae7b31677b\redhat.java\jdt_ws\CW2_2858b001\bin
Launcher Type: SUN_STANDARD

[Global flags]
     intx CICompilerCount                          = 12                                        {product} {ergonomic}
     uint ConcGCThreads                            = 3                                         {product} {ergonomic}
     uint G1ConcRefinementThreads                  = 13                                        {product} {ergonomic}
   size_t G1HeapRegionSize                         = 2097152                                   {product} {ergonomic}
    uintx GCDrainStackTargetSize                   = 64                                        {product} {ergonomic}
   size_t InitialHeapSize                          = 257949696                                 {product} {ergonomic}
   size_t MarkStackSize                            = 4194304                                   {product} {ergonomic}
   size_t MaxHeapSize                              = 4123000832                                {product} {ergonomic}
   size_t MinHeapDeltaBytes                        = 2097152                                   {product} {ergonomic}
   size_t MinHeapSize                              = 8388608                                   {product} {ergonomic}
    uintx NonNMethodCodeHeapSize                   = 7602480                                {pd product} {ergonomic}
    uintx NonProfiledCodeHeapSize                  = 122027880                              {pd product} {ergonomic}
    uintx ProfiledCodeHeapSize                     = 122027880                              {pd product} {ergonomic}
    uintx ReservedCodeCacheSize                    = 251658240                              {pd product} {ergonomic}
     bool SegmentedCodeCache                       = true                                      {product} {ergonomic}
     bool ShowCodeDetailsInExceptionMessages       = true                                   {manageable} {command line}
   size_t SoftMaxHeapSize                          = 4123000832                             {manageable} {ergonomic}
     bool UseCompressedClassPointers               = true                           {product lp64_product} {ergonomic}
     bool UseCompressedOops                        = true                           {product lp64_product} {ergonomic}
     bool UseG1GC                                  = true                                      {product} {ergonomic}
     bool UseLargePagesIndividualAllocation        = false                                  {pd product} {ergonomic}

Logging:
Log output configuration:
 #0: stdout all=warning uptime,level,tags
 #1: stderr all=off uptime,level,tags

Environment Variables:
JAVA_HOME=C:\Program Files\Java\jdk-17
PATH=C:\Users\Sakan\anaconda3;C:\Users\Sakan\anaconda3\Library\mingw-w64\bin;C:\Users\Sakan\anaconda3\Library\usr\bin;C:\Users\Sakan\anaconda3\Library\bin;C:\Users\Sakan\anaconda3\Scripts;C:\Users\Sakan\anaconda3\bin;C:\Users\Sakan\anaconda3\condabin;C:\Program Files\NVIDIA GPU Computing Toolkit\CUDA\v11.2\bin;C:\Program Files\NVIDIA GPU Computing Toolkit\CUDA\v11.2\libnvvp;C:\ProgramData\Oracle\Java\javapath;C:\Program Files\Common Files\Oracle\Java\javapath;C:\Program Files (x86)\Common Files\Oracle\Java\javapath;C:\Program Files (x86)\Razer\ChromaBroadcast\bin;C:\Program Files\Razer\ChromaBroadcast\bin;C:\Windows\system32;C:\Windows;C:\Windows\System32\Wbem;C:\Windows\System32\WindowsPowerShell\v1.0;C:\Windows\System32\OpenSSH;C:\Program Files (x86)\NVIDIA Corporation\PhysX\Common;C:\Program Files\NVIDIA Corporation\NVIDIA NvDLISR;C:\WINDOWS\system32;C:\WINDOWS;C:\WINDOWS\System32\Wbem;C:\WINDOWS\System32\WindowsPowerShell\v1.0;C:\WINDOWS\System32\OpenSSH;C:\WINDOWS\system32\config\systemprofile\AppData\Local\Microsoft\WindowsApps;C:\Program Files (x86)\QuickTime\QTSystem;C:\WINDOWS\system32;C:\WINDOWS;C:\WINDOWS\System32\Wbem;C:\WINDOWS\System32\WindowsPowerShell\v1.0;C:\WINDOWS\System32\OpenSSH;C:\Program Files\dotnet;C:\Program Files\NVIDIA Corporation\Nsight Compute 2020.3.1;C:\Program Files\nodejs;C:\Program Files\Git\cmd;C:\Users\Sakan\.pyenv\pyenv-win\bin;C:\Users\Sakan\.pyenv\pyenv-win\shims;C:\Users\Sakan\AppData\Local\Programs\Python\Python37\Scripts;C:\Users\Sakan\AppData\Local\Programs\Python\Python37;C:\Users\Sakan\AppData\Local\Programs\Python\Python39\Scripts;C:\Users\Sakan\AppData\Local\Programs\Python\Python39;C:\Users\Sakan\AppData\Local\Microsoft\WindowsApps;C:\Users\Sakan\AppData\Local\Programs\Microsoft VS Code\bin;C:\Users\Sakan\anaconda3\Scripts\conda.exe;C:\Program Files\NVIDIA GPU Computing Toolkit\CUDA\v11.2\bin;C:\Users\Sakan\Downloads\Compressed\apache-maven-3.9.1-bin\apache-maven-3.9.1\bin;C:\Program Files\Java\jdk-17\bin;C:\Users\Sakan\
USERNAME=Sakan
LANG=en_US.UTF-8
OS=Windows_NT
PROCESSOR_IDENTIFIER=AMD64 Family 25 Model 80 Stepping 0, AuthenticAMD



---------------  S Y S T E M  ---------------

OS:
 Windows 11 , 64 bit Build 22621 (10.0.22621.1485)
OS uptime: 5 days 16:20 hours
Hyper-V role detected

CPU: total 16 (initial active 16) (16 cores per cpu, 2 threads per core) family 25 model 80 stepping 0 microcode 0x0, cx8, cmov, fxsr, ht, mmx, 3dnowpref, sse, sse2, sse3, ssse3, sse4a, sse4.1, sse4.2, popcnt, lzcnt, tsc, tscinvbit, avx, avx2, aes, erms, clmul, bmi1, bmi2, adx, sha, fma, vzeroupper, clflush, clflushopt, hv

Memory: 4k page, system-wide physical 15724M (131M free)
TotalPageFile size 64876M (AvailPageFile size 51M)
current process WorkingSet (physical memory assigned to process): 11M, peak: 11M
current process commit charge ("private bytes"): 70M, peak: 316M

vm_info: Java HotSpot(TM) 64-Bit Server VM (17.0.6+9-LTS-190) for windows-amd64 JRE (17.0.6+9-LTS-190), built on Dec  6 2022 15:53:54 by "mach5one" with MS VC++ 17.1 (VS2022)

END.
